<?xml version="1.0" encoding="UTF-8"?>
<testsuite xmlns:xsi="http://www.w3.org/2001/XMLSchema-instance" xsi:noNamespaceSchemaLocation="https://maven.apache.org/surefire/maven-surefire-plugin/xsd/surefire-test-report-3.0.xsd" version="3.0" name="com.example.membersystem.auth.HybridHashPerformanceTest" time="1537.006" tests="5" errors="0" skipped="0" failures="0">
  <properties>
[...]
</properties>
  <testcase name="testArgon2Performance" classname="com.example.membersystem.auth.HybridHashPerformanceTest" time="133.743">
    <system-out><![CDATA[12:47:38.693 [main] INFO org.springframework.test.context.support.AnnotationConfigContextLoaderUtils -- Could not detect default configuration classes for test class [com.example.membersystem.auth.HybridHashPerformanceTest]: HybridHashPerformanceTest does not declare any static, non-private, non-final, nested classes annotated with @Configuration.
12:47:39.202 [main] INFO org.springframework.boot.test.context.SpringBootTestContextBootstrapper -- Found @SpringBootConfiguration com.example.membersystem.MemberSystemApplication for test class com.example.membersystem.auth.HybridHashPerformanceTest

  .   ____          _            __ _ _
 /\\ / ___'_ __ _ _(_)_ __  __ _ \ \ \ \
( ( )\___ | '_ | '_| | '_ \/ _` | \ \ \ \
 \\/  ___)| |_)| | | | | || (_| |  ) ) ) )
  '  |____| .__|_| |_|_| |_\__, | / / / /
 =========|_|==============|___/=/_/_/_/

 :: Spring Boot ::                (v3.3.5)

2026-03-29T12:47:41.057+08:00  INFO 6556 --- [member-system] [           main] c.e.m.auth.HybridHashPerformanceTest     : Starting HybridHashPerformanceTest using Java 17.0.8 with PID 6556 (started by 23019 in F:\CURSOR\biyesji6\backend)
2026-03-29T12:47:41.077+08:00  INFO 6556 --- [member-system] [           main] c.e.m.auth.HybridHashPerformanceTest     : No active profile set, falling back to 1 default profile: "default"
2026-03-29T12:47:46.850+08:00  INFO 6556 --- [member-system] [           main] .s.d.r.c.RepositoryConfigurationDelegate : Bootstrapping Spring Data JPA repositories in DEFAULT mode.
2026-03-29T12:47:47.625+08:00  INFO 6556 --- [member-system] [           main] .s.d.r.c.RepositoryConfigurationDelegate : Finished Spring Data repository scanning in 738 ms. Found 6 JPA repository interfaces.
2026-03-29T12:47:52.356+08:00  INFO 6556 --- [member-system] [           main] o.hibernate.jpa.internal.util.LogHelper  : HHH000204: Processing PersistenceUnitInfo [name: default]
2026-03-29T12:47:52.690+08:00  INFO 6556 --- [member-system] [           main] org.hibernate.Version                    : HHH000412: Hibernate ORM core version 6.5.3.Final
2026-03-29T12:47:52.847+08:00  INFO 6556 --- [member-system] [           main] o.h.c.internal.RegionFactoryInitiator    : HHH000026: Second-level cache disabled
2026-03-29T12:47:57.812+08:00  INFO 6556 --- [member-system] [           main] o.s.o.j.p.SpringPersistenceUnitInfo      : No LoadTimeWeaver setup: ignoring JPA class transformer
2026-03-29T12:47:57.930+08:00  INFO 6556 --- [member-system] [           main] com.zaxxer.hikari.HikariDataSource       : HikariPool-1 - Starting...
2026-03-29T12:47:59.149+08:00  INFO 6556 --- [member-system] [           main] com.zaxxer.hikari.pool.HikariPool        : HikariPool-1 - Added connection com.mysql.cj.jdbc.ConnectionImpl@30e2016a
2026-03-29T12:47:59.160+08:00  INFO 6556 --- [member-system] [           main] com.zaxxer.hikari.HikariDataSource       : HikariPool-1 - Start completed.
2026-03-29T12:48:02.734+08:00  INFO 6556 --- [member-system] [           main] o.h.e.t.j.p.i.JtaPlatformInitiator       : HHH000489: No JTA platform available (set 'hibernate.transaction.jta.platform' to enable JTA platform integration)
2026-03-29T12:48:02.860+08:00 DEBUG 6556 --- [member-system] [           main] org.hibernate.SQL                        : 
    alter table carousel_content 
       modify column content1 TEXT
2026-03-29T12:48:02.897+08:00 DEBUG 6556 --- [member-system] [           main] org.hibernate.SQL                        : 
    alter table carousel_content 
       modify column content2 TEXT
2026-03-29T12:48:02.933+08:00 DEBUG 6556 --- [member-system] [           main] org.hibernate.SQL                        : 
    alter table carousel_content 
       modify column content3 TEXT
2026-03-29T12:48:02.985+08:00 DEBUG 6556 --- [member-system] [           main] org.hibernate.SQL                        : 
    alter table carousel_content 
       modify column content4 TEXT
2026-03-29T12:48:03.089+08:00 DEBUG 6556 --- [member-system] [           main] org.hibernate.SQL                        : 
    alter table carousel_content 
       modify column content5 TEXT
2026-03-29T12:48:03.123+08:00  INFO 6556 --- [member-system] [           main] j.LocalContainerEntityManagerFactoryBean : Initialized JPA EntityManagerFactory for persistence unit 'default'
2026-03-29T12:48:04.667+08:00  INFO 6556 --- [member-system] [           main] o.s.d.j.r.query.QueryEnhancerFactory     : Hibernate is in classpath; If applicable, HQL parser will be used.
2026-03-29T12:48:14.786+08:00  INFO 6556 --- [member-system] [           main] c.e.m.auth.HybridHashPerformanceTest     : Started HybridHashPerformanceTest in 34.948 seconds (process running for 38.74)

=== Argon2性能测试 ===
Argon2 性能统计:
  平均时间: 1200.46 ms
  最小时间: 1102 ms
  最大时间: 1500 ms
  测试次数: 100
]]></system-out>
  </testcase>
  <testcase name="testHybridPerformance" classname="com.example.membersystem.auth.HybridHashPerformanceTest" time="206.819">
    <system-out><![CDATA[
=== 混合哈希性能测试 ===
混合哈希 性能统计:
  平均时间: 1877.00 ms
  最小时间: 1778 ms
  最大时间: 2186 ms
  测试次数: 100
]]></system-out>
  </testcase>
  <testcase name="testOverallPerformanceComparison" classname="com.example.membersystem.auth.HybridHashPerformanceTest" time="748.653">
    <system-out><![CDATA[
=== 综合性能对比测试 ===
算法性能对比结果:
=====================================
算法           哈希(ms)       验证(ms)      
-------------------------------------
BCrypt       465          471         
Argon2       1214         1206        
混合哈希         1862         1871        
=====================================

性能分析:
1. 哈希速度: BCrypt最快
2. 验证速度: BCrypt最快
3. 安全性: 混合哈希 > Argon2 > BCrypt
4. 推荐使用: 高安全场景使用混合哈希，一般场景使用Argon2，兼容性要求高使用BCrypt
]]></system-out>
  </testcase>
  <testcase name="testBcryptPerformance" classname="com.example.membersystem.auth.HybridHashPerformanceTest" time="51.461">
    <system-out><![CDATA[
=== BCrypt性能测试 ===
BCrypt 性能统计:
  平均时间: 462.82 ms
  最小时间: 433 ms
  最大时间: 677 ms
  测试次数: 100
]]></system-out>
  </testcase>
  <testcase name="testVerificationPerformance" classname="com.example.membersystem.auth.HybridHashPerformanceTest" time="359.509">
    <system-out><![CDATA[
=== 验证性能测试 ===
BCrypt验证 性能统计:
  平均时间: 465.05 ms
  最小时间: 437 ms
  最大时间: 615 ms
  测试次数: 100
Argon2验证 性能统计:
  平均时间: 1213.15 ms
  最小时间: 1118 ms
  最大时间: 1582 ms
  测试次数: 100
混合哈希验证 性能统计:
  平均时间: 1877.12 ms
  最小时间: 1791 ms
  最大时间: 2163 ms
  测试次数: 100
]]></system-out>
  </testcase>
</testsuite>